{"name":"Log","hostname":"Alans-MBP.localdomain","pid":68652,"level":30,"version":"5.123.0","msg":"Ghost is running in development...","time":"2025-06-12T19:51:39.904Z","v":0}
{"name":"Log","hostname":"Alans-MBP.localdomain","pid":68652,"level":30,"version":"5.123.0","msg":"Listening on: 127.0.0.1:2368","time":"2025-06-12T19:51:39.904Z","v":0}
{"name":"Log","hostname":"Alans-MBP.localdomain","pid":68652,"level":30,"version":"5.123.0","msg":"Url configured as: http://localhost:2368/","time":"2025-06-12T19:51:39.904Z","v":0}
{"name":"Log","hostname":"Alans-MBP.localdomain","pid":68652,"level":30,"version":"5.123.0","msg":"Ctrl+C to shut down","time":"2025-06-12T19:51:39.904Z","v":0}
{"name":"Log","hostname":"Alans-MBP.localdomain","pid":68652,"level":30,"version":"5.123.0","msg":"Ghost server started in 0.235s","time":"2025-06-12T19:51:39.904Z","v":0}
{"name":"Log","hostname":"Alans-MBP.localdomain","pid":68652,"level":40,"version":"5.123.0","msg":"Database state requires initialisation.","time":"2025-06-12T19:51:40.163Z","v":0}
{"name":"Log","hostname":"Alans-MBP.localdomain","pid":68652,"level":30,"version":"5.123.0","msg":"Creating table: newsletters","time":"2025-06-12T19:51:40.258Z","v":0}
{"name":"Log","hostname":"Alans-MBP.localdomain","pid":68652,"level":30,"version":"5.123.0","msg":"Creating table: posts","time":"2025-06-12T19:51:40.260Z","v":0}
{"name":"Log","hostname":"Alans-MBP.localdomain","pid":68652,"level":30,"version":"5.123.0","msg":"Creating table: posts_meta","time":"2025-06-12T19:51:40.264Z","v":0}
{"name":"Log","hostname":"Alans-MBP.localdomain","pid":68652,"level":30,"version":"5.123.0","msg":"Creating table: users","time":"2025-06-12T19:51:40.265Z","v":0}
{"name":"Log","hostname":"Alans-MBP.localdomain","pid":68652,"level":30,"version":"5.123.0","msg":"Creating table: posts_authors","time":"2025-06-12T19:51:40.267Z","v":0}
{"name":"Log","hostname":"Alans-MBP.localdomain","pid":68652,"level":30,"version":"5.123.0","msg":"Creating table: roles","time":"2025-06-12T19:51:40.268Z","v":0}
{"name":"Log","hostname":"Alans-MBP.localdomain","pid":68652,"level":30,"version":"5.123.0","msg":"Creating table: roles_users","time":"2025-06-12T19:51:40.269Z","v":0}
{"name":"Log","hostname":"Alans-MBP.localdomain","pid":68652,"level":30,"version":"5.123.0","msg":"Creating table: permissions","time":"2025-06-12T19:51:40.270Z","v":0}
{"name":"Log","hostname":"Alans-MBP.localdomain","pid":68652,"level":30,"version":"5.123.0","msg":"Creating table: permissions_users","time":"2025-06-12T19:51:40.271Z","v":0}
{"name":"Log","hostname":"Alans-MBP.localdomain","pid":68652,"level":30,"version":"5.123.0","msg":"Creating table: permissions_roles","time":"2025-06-12T19:51:40.272Z","v":0}
{"name":"Log","hostname":"Alans-MBP.localdomain","pid":68652,"level":30,"version":"5.123.0","msg":"Creating table: settings","time":"2025-06-12T19:51:40.273Z","v":0}
{"name":"Log","hostname":"Alans-MBP.localdomain","pid":68652,"level":30,"version":"5.123.0","msg":"Creating table: tags","time":"2025-06-12T19:51:40.274Z","v":0}
{"name":"Log","hostname":"Alans-MBP.localdomain","pid":68652,"level":30,"version":"5.123.0","msg":"Creating table: posts_tags","time":"2025-06-12T19:51:40.275Z","v":0}
{"name":"Log","hostname":"Alans-MBP.localdomain","pid":68652,"level":30,"version":"5.123.0","msg":"Creating table: invites","time":"2025-06-12T19:51:40.277Z","v":0}
{"name":"Log","hostname":"Alans-MBP.localdomain","pid":68652,"level":30,"version":"5.123.0","msg":"Creating table: brute","time":"2025-06-12T19:51:40.278Z","v":0}
{"name":"Log","hostname":"Alans-MBP.localdomain","pid":68652,"level":30,"version":"5.123.0","msg":"Creating table: sessions","time":"2025-06-12T19:51:40.279Z","v":0}
{"name":"Log","hostname":"Alans-MBP.localdomain","pid":68652,"level":30,"version":"5.123.0","msg":"Creating table: integrations","time":"2025-06-12T19:51:40.280Z","v":0}
{"name":"Log","hostname":"Alans-MBP.localdomain","pid":68652,"level":30,"version":"5.123.0","msg":"Creating table: webhooks","time":"2025-06-12T19:51:40.281Z","v":0}
{"name":"Log","hostname":"Alans-MBP.localdomain","pid":68652,"level":30,"version":"5.123.0","msg":"Creating table: api_keys","time":"2025-06-12T19:51:40.282Z","v":0}
{"name":"Log","hostname":"Alans-MBP.localdomain","pid":68652,"level":30,"version":"5.123.0","msg":"Creating table: mobiledoc_revisions","time":"2025-06-12T19:51:40.283Z","v":0}
{"name":"Log","hostname":"Alans-MBP.localdomain","pid":68652,"level":30,"version":"5.123.0","msg":"Creating table: post_revisions","time":"2025-06-12T19:51:40.285Z","v":0}
{"name":"Log","hostname":"Alans-MBP.localdomain","pid":68652,"level":30,"version":"5.123.0","msg":"Creating table: members","time":"2025-06-12T19:51:40.286Z","v":0}
{"name":"Log","hostname":"Alans-MBP.localdomain","pid":68652,"level":30,"version":"5.123.0","msg":"Creating table: products","time":"2025-06-12T19:51:40.289Z","v":0}
{"name":"Log","hostname":"Alans-MBP.localdomain","pid":68652,"level":30,"version":"5.123.0","msg":"Creating table: offers","time":"2025-06-12T19:51:40.291Z","v":0}
{"name":"Log","hostname":"Alans-MBP.localdomain","pid":68652,"level":30,"version":"5.123.0","msg":"Creating table: benefits","time":"2025-06-12T19:51:40.293Z","v":0}
{"name":"Log","hostname":"Alans-MBP.localdomain","pid":68652,"level":30,"version":"5.123.0","msg":"Creating table: products_benefits","time":"2025-06-12T19:51:40.295Z","v":0}
{"name":"Log","hostname":"Alans-MBP.localdomain","pid":68652,"level":30,"version":"5.123.0","msg":"Creating table: members_products","time":"2025-06-12T19:51:40.296Z","v":0}
{"name":"Log","hostname":"Alans-MBP.localdomain","pid":68652,"level":30,"version":"5.123.0","msg":"Creating table: posts_products","time":"2025-06-12T19:51:40.296Z","v":0}
{"name":"Log","hostname":"Alans-MBP.localdomain","pid":68652,"level":30,"version":"5.123.0","msg":"Creating table: members_created_events","time":"2025-06-12T19:51:40.297Z","v":0}
{"name":"Log","hostname":"Alans-MBP.localdomain","pid":68652,"level":30,"version":"5.123.0","msg":"Creating table: members_cancel_events","time":"2025-06-12T19:51:40.298Z","v":0}
{"name":"Log","hostname":"Alans-MBP.localdomain","pid":68652,"level":30,"version":"5.123.0","msg":"Creating table: members_payment_events","time":"2025-06-12T19:51:40.299Z","v":0}
{"name":"Log","hostname":"Alans-MBP.localdomain","pid":68652,"level":30,"version":"5.123.0","msg":"Creating table: members_login_events","time":"2025-06-12T19:51:40.300Z","v":0}
{"name":"Log","hostname":"Alans-MBP.localdomain","pid":68652,"level":30,"version":"5.123.0","msg":"Creating table: members_email_change_events","time":"2025-06-12T19:51:40.300Z","v":0}
{"name":"Log","hostname":"Alans-MBP.localdomain","pid":68652,"level":30,"version":"5.123.0","msg":"Creating table: members_status_events","time":"2025-06-12T19:51:40.301Z","v":0}
{"name":"Log","hostname":"Alans-MBP.localdomain","pid":68652,"level":30,"version":"5.123.0","msg":"Creating table: members_product_events","time":"2025-06-12T19:51:40.302Z","v":0}
{"name":"Log","hostname":"Alans-MBP.localdomain","pid":68652,"level":30,"version":"5.123.0","msg":"Creating table: members_paid_subscription_events","time":"2025-06-12T19:51:40.303Z","v":0}
{"name":"Log","hostname":"Alans-MBP.localdomain","pid":68652,"level":30,"version":"5.123.0","msg":"Creating table: labels","time":"2025-06-12T19:51:40.303Z","v":0}
{"name":"Log","hostname":"Alans-MBP.localdomain","pid":68652,"level":30,"version":"5.123.0","msg":"Creating table: members_labels","time":"2025-06-12T19:51:40.305Z","v":0}
{"name":"Log","hostname":"Alans-MBP.localdomain","pid":68652,"level":30,"version":"5.123.0","msg":"Creating table: members_stripe_customers","time":"2025-06-12T19:51:40.306Z","v":0}
{"name":"Log","hostname":"Alans-MBP.localdomain","pid":68652,"level":30,"version":"5.123.0","msg":"Creating table: subscriptions","time":"2025-06-12T19:51:40.307Z","v":0}
{"name":"Log","hostname":"Alans-MBP.localdomain","pid":68652,"level":30,"version":"5.123.0","msg":"Creating table: members_stripe_customers_subscriptions","time":"2025-06-12T19:51:40.308Z","v":0}
{"name":"Log","hostname":"Alans-MBP.localdomain","pid":68652,"level":30,"version":"5.123.0","msg":"Creating table: members_subscription_created_events","time":"2025-06-12T19:51:40.310Z","v":0}
{"name":"Log","hostname":"Alans-MBP.localdomain","pid":68652,"level":30,"version":"5.123.0","msg":"Creating table: offer_redemptions","time":"2025-06-12T19:51:40.311Z","v":0}
{"name":"Log","hostname":"Alans-MBP.localdomain","pid":68652,"level":30,"version":"5.123.0","msg":"Creating table: members_subscribe_events","time":"2025-06-12T19:51:40.312Z","v":0}
{"name":"Log","hostname":"Alans-MBP.localdomain","pid":68652,"level":30,"version":"5.123.0","msg":"Creating table: donation_payment_events","time":"2025-06-12T19:51:40.313Z","v":0}
{"name":"Log","hostname":"Alans-MBP.localdomain","pid":68652,"level":30,"version":"5.123.0","msg":"Creating table: stripe_products","time":"2025-06-12T19:51:40.313Z","v":0}
{"name":"Log","hostname":"Alans-MBP.localdomain","pid":68652,"level":30,"version":"5.123.0","msg":"Creating table: stripe_prices","time":"2025-06-12T19:51:40.315Z","v":0}
{"name":"Log","hostname":"Alans-MBP.localdomain","pid":68652,"level":30,"version":"5.123.0","msg":"Creating table: actions","time":"2025-06-12T19:51:40.316Z","v":0}
{"name":"Log","hostname":"Alans-MBP.localdomain","pid":68652,"level":30,"version":"5.123.0","msg":"Creating table: emails","time":"2025-06-12T19:51:40.317Z","v":0}
{"name":"Log","hostname":"Alans-MBP.localdomain","pid":68652,"level":30,"version":"5.123.0","msg":"Creating table: email_batches","time":"2025-06-12T19:51:40.318Z","v":0}
{"name":"Log","hostname":"Alans-MBP.localdomain","pid":68652,"level":30,"version":"5.123.0","msg":"Creating table: email_recipients","time":"2025-06-12T19:51:40.319Z","v":0}
{"name":"Log","hostname":"Alans-MBP.localdomain","pid":68652,"level":30,"version":"5.123.0","msg":"Creating table: email_recipient_failures","time":"2025-06-12T19:51:40.323Z","v":0}
{"name":"Log","hostname":"Alans-MBP.localdomain","pid":68652,"level":30,"version":"5.123.0","msg":"Creating table: tokens","time":"2025-06-12T19:51:40.324Z","v":0}
{"name":"Log","hostname":"Alans-MBP.localdomain","pid":68652,"level":30,"version":"5.123.0","msg":"Creating table: snippets","time":"2025-06-12T19:51:40.325Z","v":0}
{"name":"Log","hostname":"Alans-MBP.localdomain","pid":68652,"level":30,"version":"5.123.0","msg":"Creating table: custom_theme_settings","time":"2025-06-12T19:51:40.326Z","v":0}
{"name":"Log","hostname":"Alans-MBP.localdomain","pid":68652,"level":30,"version":"5.123.0","msg":"Creating table: members_newsletters","time":"2025-06-12T19:51:40.327Z","v":0}
{"name":"Log","hostname":"Alans-MBP.localdomain","pid":68652,"level":30,"version":"5.123.0","msg":"Creating table: comments","time":"2025-06-12T19:51:40.328Z","v":0}
{"name":"Log","hostname":"Alans-MBP.localdomain","pid":68652,"level":30,"version":"5.123.0","msg":"Creating table: comment_likes","time":"2025-06-12T19:51:40.330Z","v":0}
{"name":"Log","hostname":"Alans-MBP.localdomain","pid":68652,"level":30,"version":"5.123.0","msg":"Creating table: comment_reports","time":"2025-06-12T19:51:40.330Z","v":0}
{"name":"Log","hostname":"Alans-MBP.localdomain","pid":68652,"level":30,"version":"5.123.0","msg":"Creating table: jobs","time":"2025-06-12T19:51:40.331Z","v":0}
{"name":"Log","hostname":"Alans-MBP.localdomain","pid":68652,"level":30,"version":"5.123.0","msg":"Creating table: redirects","time":"2025-06-12T19:51:40.332Z","v":0}
{"name":"Log","hostname":"Alans-MBP.localdomain","pid":68652,"level":30,"version":"5.123.0","msg":"Creating table: members_click_events","time":"2025-06-12T19:51:40.334Z","v":0}
{"name":"Log","hostname":"Alans-MBP.localdomain","pid":68652,"level":30,"version":"5.123.0","msg":"Creating table: members_feedback","time":"2025-06-12T19:51:40.334Z","v":0}
{"name":"Log","hostname":"Alans-MBP.localdomain","pid":68652,"level":30,"version":"5.123.0","msg":"Creating table: suppressions","time":"2025-06-12T19:51:40.335Z","v":0}
{"name":"Log","hostname":"Alans-MBP.localdomain","pid":68652,"level":30,"version":"5.123.0","msg":"Creating table: email_spam_complaint_events","time":"2025-06-12T19:51:40.337Z","v":0}
{"name":"Log","hostname":"Alans-MBP.localdomain","pid":68652,"level":30,"version":"5.123.0","msg":"Creating table: mentions","time":"2025-06-12T19:51:40.338Z","v":0}
{"name":"Log","hostname":"Alans-MBP.localdomain","pid":68652,"level":30,"version":"5.123.0","msg":"Creating table: milestones","time":"2025-06-12T19:51:40.339Z","v":0}
{"name":"Log","hostname":"Alans-MBP.localdomain","pid":68652,"level":30,"version":"5.123.0","msg":"Creating table: temp_mail_events","time":"2025-06-12T19:51:40.340Z","v":0}
{"name":"Log","hostname":"Alans-MBP.localdomain","pid":68652,"level":30,"version":"5.123.0","msg":"Creating table: collections","time":"2025-06-12T19:51:40.340Z","v":0}
{"name":"Log","hostname":"Alans-MBP.localdomain","pid":68652,"level":30,"version":"5.123.0","msg":"Creating table: collections_posts","time":"2025-06-12T19:51:40.342Z","v":0}
{"name":"Log","hostname":"Alans-MBP.localdomain","pid":68652,"level":30,"version":"5.123.0","msg":"Creating table: recommendations","time":"2025-06-12T19:51:40.342Z","v":0}
{"name":"Log","hostname":"Alans-MBP.localdomain","pid":68652,"level":30,"version":"5.123.0","msg":"Creating table: recommendation_click_events","time":"2025-06-12T19:51:40.343Z","v":0}
{"name":"Log","hostname":"Alans-MBP.localdomain","pid":68652,"level":30,"version":"5.123.0","msg":"Creating table: recommendation_subscribe_events","time":"2025-06-12T19:51:40.344Z","v":0}
{"name":"Log","hostname":"Alans-MBP.localdomain","pid":68652,"level":30,"version":"5.123.0","msg":"Model: Collection","time":"2025-06-12T19:51:40.569Z","v":0}
{"name":"Log","hostname":"Alans-MBP.localdomain","pid":68652,"level":30,"version":"5.123.0","msg":"Model: Product","time":"2025-06-12T19:51:40.573Z","v":0}
{"name":"Log","hostname":"Alans-MBP.localdomain","pid":68652,"level":30,"version":"5.123.0","msg":"Model: Newsletter","time":"2025-06-12T19:51:40.578Z","v":0}
{"name":"Log","hostname":"Alans-MBP.localdomain","pid":68652,"level":30,"version":"5.123.0","msg":"Model: Tag","time":"2025-06-12T19:51:40.580Z","v":0}
{"name":"Log","hostname":"Alans-MBP.localdomain","pid":68652,"level":30,"version":"5.123.0","msg":"Model: Permission","time":"2025-06-12T19:51:40.582Z","v":0}
{"name":"Log","hostname":"Alans-MBP.localdomain","pid":68652,"level":30,"version":"5.123.0","msg":"Model: Post","time":"2025-06-12T19:51:40.704Z","v":0}
{"name":"Log","hostname":"Alans-MBP.localdomain","pid":68652,"level":30,"version":"5.123.0","msg":"Model: Integration","time":"2025-06-12T19:51:40.916Z","v":0}
{"name":"Log","hostname":"Alans-MBP.localdomain","pid":68652,"level":30,"version":"5.123.0","msg":"Relation: Role to Permission","time":"2025-06-12T19:51:40.948Z","v":0}
{"name":"Log","hostname":"Alans-MBP.localdomain","pid":68652,"level":30,"version":"5.123.0","msg":"Relation: Post to Tag","time":"2025-06-12T19:51:41.088Z","v":0}
{"name":"Log","hostname":"Alans-MBP.localdomain","pid":68652,"level":30,"version":"5.123.0","msg":"Database is in a ready state.","time":"2025-06-12T19:51:41.119Z","v":0}
{"name":"Log","hostname":"Alans-MBP.localdomain","pid":68652,"level":30,"version":"5.123.0","msg":"Ghost database ready in 1.45s","time":"2025-06-12T19:51:41.119Z","v":0}
{"name":"Log","hostname":"Alans-MBP.localdomain","pid":68652,"level":30,"version":"5.123.0","msg":"Invalidating assets for regeneration","time":"2025-06-12T19:51:41.586Z","v":0}
{"name":"Log","hostname":"Alans-MBP.localdomain","pid":68652,"level":30,"version":"5.123.0","msg":"Adding offloaded job to the inline job queue","time":"2025-06-12T19:51:41.794Z","v":0}
{"name":"Log","hostname":"Alans-MBP.localdomain","pid":68652,"level":30,"version":"5.123.0","msg":"Scheduling job mentions-email-report at 12 17 * * * *. Next run on: Thu Jun 12 2025 13:17:12 GMT-0700 (Pacific Daylight Time)","time":"2025-06-12T19:51:41.799Z","v":0}
{"name":"Log","hostname":"Alans-MBP.localdomain","pid":68652,"level":30,"version":"5.123.0","msg":"Adding one-off job to inlineQueue with current length = 0 called 'members-migrations'","time":"2025-06-12T19:51:41.897Z","v":0}
{"name":"Log","hostname":"Alans-MBP.localdomain","pid":68652,"level":30,"version":"5.123.0","msg":"Stripe not configured - skipping migrations","time":"2025-06-12T19:51:41.901Z","v":0}
{"name":"Log","hostname":"Alans-MBP.localdomain","pid":68652,"level":30,"version":"5.123.0","msg":"URL Service ready in 852ms","time":"2025-06-12T19:51:42.329Z","v":0}
{"name":"Log","hostname":"Alans-MBP.localdomain","pid":68652,"level":30,"version":"5.123.0","msg":"Adding offloaded job to the inline job queue","time":"2025-06-12T19:51:42.389Z","v":0}
{"name":"Log","hostname":"Alans-MBP.localdomain","pid":68652,"level":30,"version":"5.123.0","msg":"Scheduling job clean-expired-comped at 36 4 2 * * *. Next run on: Fri Jun 13 2025 02:04:36 GMT-0700 (Pacific Daylight Time)","time":"2025-06-12T19:51:42.393Z","v":0}
{"name":"Log","hostname":"Alans-MBP.localdomain","pid":68652,"level":30,"version":"5.123.0","msg":"Adding offloaded job to the inline job queue","time":"2025-06-12T19:51:42.398Z","v":0}
{"name":"Log","hostname":"Alans-MBP.localdomain","pid":68652,"level":30,"version":"5.123.0","msg":"Scheduling job clean-tokens at 52 44 7 * * *. Next run on: Fri Jun 13 2025 07:44:52 GMT-0700 (Pacific Daylight Time)","time":"2025-06-12T19:51:42.402Z","v":0}
{"name":"Log","hostname":"Alans-MBP.localdomain","pid":68652,"level":30,"version":"5.123.0","msg":"Ghost booted in 2.739s","time":"2025-06-12T19:51:42.408Z","v":0}
{"name":"Log","hostname":"Alans-MBP.localdomain","pid":68652,"level":30,"version":"5.123.0","msg":"Adding offloaded job to the inline job queue","time":"2025-06-12T19:51:42.412Z","v":0}
{"name":"Log","hostname":"Alans-MBP.localdomain","pid":68652,"level":30,"version":"5.123.0","msg":"Scheduling job update-check at 3 17 3 * * *. Next run on: Fri Jun 13 2025 03:17:03 GMT-0700 (Pacific Daylight Time)","time":"2025-06-12T19:51:42.413Z","v":0}
{"name":"Log","hostname":"Alans-MBP.localdomain","pid":68652,"level":30,"version":"5.123.0","msg":"Running milestone emails job on Thu Jun 12 2025 12:51:47 GMT-0700 (Pacific Daylight Time)","time":"2025-06-12T19:51:42.418Z","v":0}
{"name":"Log","hostname":"Alans-MBP.localdomain","pid":68652,"level":30,"version":"5.123.0","req":{"meta":{"requestId":"e1522db6-ffaf-4686-bf92-e67c37e45863","userId":null},"url":"/favicon.ico","method":"GET","originalUrl":"/favicon.ico","params":{},"headers":{"accept":"*/*","user-agent":"Mozilla/5.0 Safari/537.36","host":"localhost:2368","connection":"keep-alive"},"query":{}},"res":{"_headers":{"x-powered-by":"Express","content-type":"image/x-icon","content-length":15406,"etag":"\"a9c6dbdcdc3ae568f4e0dad92149a0e3\"","cache-control":"public, max-age=86400","vary":"Accept-Encoding"},"statusCode":200,"responseTime":"2ms"},"msg":"","time":"2025-06-12T19:52:49.817Z","v":0}
{"name":"Log","hostname":"Alans-MBP.localdomain","pid":68652,"level":30,"version":"5.123.0","req":{"meta":{"requestId":"f826c095-7fcd-4682-8e03-32ef45cadfac","userId":null},"url":"/","method":"GET","originalUrl":"/","params":{},"headers":{"host":"localhost:2368","connection":"keep-alive","sec-ch-ua":"\"Google Chrome\";v=\"137\", \"Chromium\";v=\"137\", \"Not/A)Brand\";v=\"24\"","sec-ch-ua-mobile":"?0","sec-ch-ua-platform":"\"macOS\"","upgrade-insecure-requests":"1","user-agent":"Mozilla/5.0 (Macintosh; Intel Mac OS X 10_15_7) AppleWebKit/537.36 (KHTML, like Gecko) Chrome/137.0.0.0 Safari/537.36","accept":"text/html,application/xhtml+xml,application/xml;q=0.9,image/avif,image/webp,image/apng,*/*;q=0.8,application/signed-exchange;v=b3;q=0.7","sec-fetch-site":"none","sec-fetch-mode":"navigate","sec-fetch-user":"?1","sec-fetch-dest":"document","accept-encoding":"gzip, deflate, br, zstd","accept-language":"en-US,en;q=0.9","cookie":"**REDACTED**","if-none-match":"W/\"43f3-v4gKPRqWrpddpUXJ1avN9owpDXs\""},"query":{}},"res":{"_headers":{"x-powered-by":"Express","cache-control":"public, max-age=0","content-type":"text/html; charset=utf-8","etag":"W/\"43a3-vTlEjzVW4QgulcI4UD++9Di+uvA\"","vary":"Accept-Encoding","content-encoding":"br"},"statusCode":200,"responseTime":"404ms"},"msg":"","time":"2025-06-12T19:52:49.893Z","v":0}
{"name":"Log","hostname":"Alans-MBP.localdomain","pid":68652,"level":30,"version":"5.123.0","req":{"meta":{"requestId":"395a56dd-c2ca-403f-9121-cca2bc10f6a9","userId":null},"url":"/assets/fonts/inter-roman.woff2?v=28fd251103","method":"GET","originalUrl":"/assets/fonts/inter-roman.woff2?v=28fd251103","params":{},"headers":{"host":"localhost:2368","connection":"keep-alive","origin":"http://localhost:2368","sec-ch-ua-platform":"\"macOS\"","user-agent":"Mozilla/5.0 (Macintosh; Intel Mac OS X 10_15_7) AppleWebKit/537.36 (KHTML, like Gecko) Chrome/137.0.0.0 Safari/537.36","sec-ch-ua":"\"Google Chrome\";v=\"137\", \"Chromium\";v=\"137\", \"Not/A)Brand\";v=\"24\"","sec-ch-ua-mobile":"?0","accept":"*/*","sec-fetch-site":"same-origin","sec-fetch-mode":"cors","sec-fetch-dest":"font","referer":"http://localhost:2368/","accept-encoding":"gzip, deflate, br, zstd","accept-language":"en-US,en;q=0.9","cookie":"**REDACTED**"},"query":{"v":"28fd251103"}},"res":{"_headers":{"x-powered-by":"Express","access-control-allow-origin":"http://localhost:2368","vary":"Origin","access-control-allow-credentials":"true","accept-ranges":"bytes","cache-control":"public, max-age=0","last-modified":"Sat, 26 Oct 1985 08:15:00 GMT","etag":"W/\"9394-7438674ba0\"","content-type":"font/woff2","content-length":37780},"statusCode":200,"responseTime":"2ms"},"msg":"","time":"2025-06-12T19:52:49.918Z","v":0}
{"name":"Log","hostname":"Alans-MBP.localdomain","pid":68652,"level":30,"version":"5.123.0","req":{"meta":{"requestId":"2d069f2d-0e02-4054-87c1-ee6f304b004a","userId":null},"url":"/assets/built/screen.css?v=28fd251103","method":"GET","originalUrl":"/assets/built/screen.css?v=28fd251103","params":{},"headers":{"host":"localhost:2368","connection":"keep-alive","sec-ch-ua-platform":"\"macOS\"","user-agent":"Mozilla/5.0 (Macintosh; Intel Mac OS X 10_15_7) AppleWebKit/537.36 (KHTML, like Gecko) Chrome/137.0.0.0 Safari/537.36","sec-ch-ua":"\"Google Chrome\";v=\"137\", \"Chromium\";v=\"137\", \"Not/A)Brand\";v=\"24\"","sec-ch-ua-mobile":"?0","accept":"text/css,*/*;q=0.1","sec-fetch-site":"same-origin","sec-fetch-mode":"no-cors","sec-fetch-dest":"style","referer":"http://localhost:2368/","accept-encoding":"gzip, deflate, br, zstd","accept-language":"en-US,en;q=0.9","cookie":"**REDACTED**"},"query":{"v":"28fd251103"}},"res":{"_headers":{"x-powered-by":"Express","accept-ranges":"bytes","cache-control":"public, max-age=0","last-modified":"Sat, 26 Oct 1985 08:15:00 GMT","etag":"W/\"d1bb-7438674ba0\"","content-type":"text/css; charset=UTF-8","vary":"Accept-Encoding","content-encoding":"br"},"statusCode":200,"responseTime":"6ms"},"msg":"","time":"2025-06-12T19:52:49.918Z","v":0}
{"name":"Log","hostname":"Alans-MBP.localdomain","pid":68652,"level":30,"version":"5.123.0","req":{"meta":{"requestId":"6d8ee88f-03b3-42fb-8053-c4c26e87ac62","userId":null},"url":"/assets/built/source.js?v=28fd251103","method":"GET","originalUrl":"/assets/built/source.js?v=28fd251103","params":{},"headers":{"host":"localhost:2368","connection":"keep-alive","sec-ch-ua-platform":"\"macOS\"","user-agent":"Mozilla/5.0 (Macintosh; Intel Mac OS X 10_15_7) AppleWebKit/537.36 (KHTML, like Gecko) Chrome/137.0.0.0 Safari/537.36","sec-ch-ua":"\"Google Chrome\";v=\"137\", \"Chromium\";v=\"137\", \"Not/A)Brand\";v=\"24\"","sec-ch-ua-mobile":"?0","accept":"*/*","sec-fetch-site":"same-origin","sec-fetch-mode":"no-cors","sec-fetch-dest":"script","referer":"http://localhost:2368/","accept-encoding":"gzip, deflate, br, zstd","accept-language":"en-US,en;q=0.9","cookie":"**REDACTED**"},"query":{"v":"28fd251103"}},"res":{"_headers":{"x-powered-by":"Express","accept-ranges":"bytes","cache-control":"public, max-age=0","last-modified":"Sat, 26 Oct 1985 08:15:00 GMT","etag":"W/\"cde1-7438674ba0\"","content-type":"application/javascript; charset=UTF-8","vary":"Accept-Encoding","content-encoding":"br"},"statusCode":200,"responseTime":"6ms"},"msg":"","time":"2025-06-12T19:52:49.920Z","v":0}
{"name":"Log","hostname":"Alans-MBP.localdomain","pid":68652,"level":30,"version":"5.123.0","req":{"meta":{"requestId":"48de028f-2215-49f1-b523-1efce3772251","userId":null},"url":"/public/cards.min.css?v=28fd251103","method":"GET","originalUrl":"/public/cards.min.css?v=28fd251103","params":{},"headers":{"host":"localhost:2368","connection":"keep-alive","sec-ch-ua-platform":"\"macOS\"","user-agent":"Mozilla/5.0 (Macintosh; Intel Mac OS X 10_15_7) AppleWebKit/537.36 (KHTML, like Gecko) Chrome/137.0.0.0 Safari/537.36","sec-ch-ua":"\"Google Chrome\";v=\"137\", \"Chromium\";v=\"137\", \"Not/A)Brand\";v=\"24\"","sec-ch-ua-mobile":"?0","accept":"text/css,*/*;q=0.1","sec-fetch-site":"same-origin","sec-fetch-mode":"no-cors","sec-fetch-dest":"style","referer":"http://localhost:2368/","accept-encoding":"gzip, deflate, br, zstd","accept-language":"en-US,en;q=0.9","cookie":"**REDACTED**"},"query":{"v":"28fd251103"}},"res":{"_headers":{"x-powered-by":"Express","content-type":"text/css","etag":"\"6fe5b518756bc881d62cdd6d11432637\"","cache-control":"public, max-age=31536000","vary":"Accept-Encoding","content-encoding":"br"},"statusCode":200,"responseTime":"5ms"},"msg":"","time":"2025-06-12T19:52:49.920Z","v":0}
{"name":"Log","hostname":"Alans-MBP.localdomain","pid":68652,"level":30,"version":"5.123.0","req":{"meta":{"requestId":"5d1b0564-6e84-4f80-9ec9-07c61da65cfa","userId":null},"url":"/public/cards.min.js?v=28fd251103","method":"GET","originalUrl":"/public/cards.min.js?v=28fd251103","params":{},"headers":{"host":"localhost:2368","connection":"keep-alive","sec-ch-ua-platform":"\"macOS\"","user-agent":"Mozilla/5.0 (Macintosh; Intel Mac OS X 10_15_7) AppleWebKit/537.36 (KHTML, like Gecko) Chrome/137.0.0.0 Safari/537.36","sec-ch-ua":"\"Google Chrome\";v=\"137\", \"Chromium\";v=\"137\", \"Not/A)Brand\";v=\"24\"","sec-ch-ua-mobile":"?0","accept":"*/*","sec-fetch-site":"same-origin","sec-fetch-mode":"no-cors","sec-fetch-dest":"script","referer":"http://localhost:2368/","accept-encoding":"gzip, deflate, br, zstd","accept-language":"en-US,en;q=0.9","cookie":"**REDACTED**"},"query":{"v":"28fd251103"}},"res":{"_headers":{"x-powered-by":"Express","content-type":"application/javascript","etag":"\"55333b755c5385e9d3df7b224ded944f\"","cache-control":"public, max-age=31536000","vary":"Accept-Encoding","content-encoding":"br"},"statusCode":200,"responseTime":"2ms"},"msg":"","time":"2025-06-12T19:52:49.925Z","v":0}
{"name":"Log","hostname":"Alans-MBP.localdomain","pid":68652,"level":30,"version":"5.123.0","req":{"meta":{"requestId":"b980a701-4778-40d3-8f56-e3b726abc000","userId":null},"url":"/public/member-attribution.min.js?v=28fd251103","method":"GET","originalUrl":"/public/member-attribution.min.js?v=28fd251103","params":{},"headers":{"host":"localhost:2368","connection":"keep-alive","sec-ch-ua-platform":"\"macOS\"","user-agent":"Mozilla/5.0 (Macintosh; Intel Mac OS X 10_15_7) AppleWebKit/537.36 (KHTML, like Gecko) Chrome/137.0.0.0 Safari/537.36","sec-ch-ua":"\"Google Chrome\";v=\"137\", \"Chromium\";v=\"137\", \"Not/A)Brand\";v=\"24\"","sec-ch-ua-mobile":"?0","accept":"*/*","sec-fetch-site":"same-origin","sec-fetch-mode":"no-cors","sec-fetch-dest":"script","referer":"http://localhost:2368/","accept-encoding":"gzip, deflate, br, zstd","accept-language":"en-US,en;q=0.9","cookie":"**REDACTED**"},"query":{"v":"28fd251103"}},"res":{"_headers":{"x-powered-by":"Express","content-type":"application/javascript","etag":"\"90a301fc8a68d077ca64866820fab358\"","cache-control":"public, max-age=31536000","vary":"Accept-Encoding","content-encoding":"br"},"statusCode":200,"responseTime":"2ms"},"msg":"","time":"2025-06-12T19:52:49.926Z","v":0}
{"name":"Log","hostname":"Alans-MBP.localdomain","pid":68652,"level":30,"version":"5.123.0","req":{"meta":{"requestId":"cf3d1a05-a01a-4977-89e9-543ca6438751","userId":null},"url":"/api/member/","method":"GET","originalUrl":"/members/api/member/","params":{},"headers":{"host":"localhost:2368","connection":"keep-alive","sec-ch-ua-platform":"\"macOS\"","user-agent":"Mozilla/5.0 (Macintosh; Intel Mac OS X 10_15_7) AppleWebKit/537.36 (KHTML, like Gecko) Chrome/137.0.0.0 Safari/537.36","sec-ch-ua":"\"Google Chrome\";v=\"137\", \"Chromium\";v=\"137\", \"Not/A)Brand\";v=\"24\"","sec-ch-ua-mobile":"?0","accept":"*/*","sec-fetch-site":"same-origin","sec-fetch-mode":"cors","sec-fetch-dest":"empty","referer":"http://localhost:2368/","accept-encoding":"gzip, deflate, br, zstd","accept-language":"en-US,en;q=0.9","cookie":"**REDACTED**"},"query":{}},"res":{"_headers":{"x-powered-by":"Express","cache-control":"no-cache, private, no-store, must-revalidate, max-stale=0, post-check=0, pre-check=0","access-control-allow-origin":"*"},"statusCode":204,"responseTime":"8ms"},"msg":"","time":"2025-06-12T19:52:50.000Z","v":0}
{"name":"Log","hostname":"Alans-MBP.localdomain","pid":68652,"level":30,"version":"5.123.0","req":{"meta":{"requestId":"e39ba269-46f2-495b-8014-f6309f6abe29","userId":null},"url":"/tiers/?key=55dba23a706351aea79a910614&limit=all&include=monthly_price,yearly_price,benefits","method":"GET","originalUrl":"/ghost/api/content/tiers/?key=55dba23a706351aea79a910614&limit=all&include=monthly_price,yearly_price,benefits","params":{},"headers":{"host":"localhost:2368","connection":"keep-alive","sec-ch-ua-platform":"\"macOS\"","user-agent":"Mozilla/5.0 (Macintosh; Intel Mac OS X 10_15_7) AppleWebKit/537.36 (KHTML, like Gecko) Chrome/137.0.0.0 Safari/537.36","sec-ch-ua":"\"Google Chrome\";v=\"137\", \"Chromium\";v=\"137\", \"Not/A)Brand\";v=\"24\"","content-type":"application/json","sec-ch-ua-mobile":"?0","accept":"*/*","sec-fetch-site":"same-origin","sec-fetch-mode":"cors","sec-fetch-dest":"empty","referer":"http://localhost:2368/","accept-encoding":"gzip, deflate, br, zstd","accept-language":"en-US,en;q=0.9","cookie":"**REDACTED**"},"query":{"key":"**REDACTED**","limit":"all","include":"monthly_price,yearly_price,benefits"}},"res":{"_headers":{"x-powered-by":"Express","content-version":"v5.123","vary":"Accept-Version, Accept-Encoding","cache-control":"public, max-age=0","access-control-allow-origin":"*","content-type":"application/json; charset=utf-8","content-length":"705","etag":"W/\"2c1-mZzeb/yAW1et10L4ldXxmc9cw+E\""},"statusCode":200,"responseTime":"7ms"},"msg":"","time":"2025-06-12T19:52:50.045Z","v":0}
{"name":"Log","hostname":"Alans-MBP.localdomain","pid":68652,"level":30,"version":"5.123.0","req":{"meta":{"requestId":"ffd4ef8e-04b5-43ff-a1dd-e4605ff08248","userId":null},"url":"/settings/?key=55dba23a706351aea79a910614&limit=all","method":"GET","originalUrl":"/ghost/api/content/settings/?key=55dba23a706351aea79a910614&limit=all","params":{},"headers":{"host":"localhost:2368","connection":"keep-alive","sec-ch-ua-platform":"\"macOS\"","user-agent":"Mozilla/5.0 (Macintosh; Intel Mac OS X 10_15_7) AppleWebKit/537.36 (KHTML, like Gecko) Chrome/137.0.0.0 Safari/537.36","sec-ch-ua":"\"Google Chrome\";v=\"137\", \"Chromium\";v=\"137\", \"Not/A)Brand\";v=\"24\"","content-type":"application/json","sec-ch-ua-mobile":"?0","accept":"*/*","sec-fetch-site":"same-origin","sec-fetch-mode":"cors","sec-fetch-dest":"empty","referer":"http://localhost:2368/","accept-encoding":"gzip, deflate, br, zstd","accept-language":"en-US,en;q=0.9","cookie":"**REDACTED**"},"query":{"key":"**REDACTED**","limit":"all"}},"res":{"_headers":{"x-powered-by":"Express","content-version":"v5.123","vary":"Accept-Version, Accept-Encoding","cache-control":"public, max-age=0","access-control-allow-origin":"*","content-type":"application/json; charset=utf-8","etag":"W/\"594-F8DBcqmxdcTYDNbQZNURaLTtDy4\"","content-encoding":"br"},"statusCode":200,"responseTime":"40ms"},"msg":"","time":"2025-06-12T19:52:50.046Z","v":0}
{"name":"Log","hostname":"Alans-MBP.localdomain","pid":68652,"level":30,"version":"5.123.0","req":{"meta":{"requestId":"a3d8163f-b29e-4767-b586-b1235b935434","userId":null},"url":"/newsletters/?key=55dba23a706351aea79a910614&limit=all","method":"GET","originalUrl":"/ghost/api/content/newsletters/?key=55dba23a706351aea79a910614&limit=all","params":{},"headers":{"host":"localhost:2368","connection":"keep-alive","sec-ch-ua-platform":"\"macOS\"","user-agent":"Mozilla/5.0 (Macintosh; Intel Mac OS X 10_15_7) AppleWebKit/537.36 (KHTML, like Gecko) Chrome/137.0.0.0 Safari/537.36","sec-ch-ua":"\"Google Chrome\";v=\"137\", \"Chromium\";v=\"137\", \"Not/A)Brand\";v=\"24\"","content-type":"application/json","sec-ch-ua-mobile":"?0","accept":"*/*","sec-fetch-site":"same-origin","sec-fetch-mode":"cors","sec-fetch-dest":"empty","referer":"http://localhost:2368/","accept-encoding":"gzip, deflate, br, zstd","accept-language":"en-US,en;q=0.9","cookie":"**REDACTED**"},"query":{"key":"**REDACTED**","limit":"all"}},"res":{"_headers":{"x-powered-by":"Express","content-version":"v5.123","vary":"Accept-Version, Accept-Encoding","cache-control":"public, max-age=0","access-control-allow-origin":"*","content-type":"application/json; charset=utf-8","content-length":"428","etag":"W/\"1ac-OdDvr3nXq57OdQxYwrxCWXQgR7s\""},"statusCode":200,"responseTime":"10ms"},"msg":"","time":"2025-06-12T19:52:50.048Z","v":0}
{"name":"Log","hostname":"Alans-MBP.localdomain","pid":68652,"level":40,"version":"5.123.0","msg":"Ghost is shutting down","time":"2025-06-12T19:52:54.650Z","v":0}
{"name":"Log","hostname":"Alans-MBP.localdomain","pid":68652,"level":40,"version":"5.123.0","msg":"Ghost has shut down","time":"2025-06-12T19:52:54.653Z","v":0}
{"name":"Log","hostname":"Alans-MBP.localdomain","pid":68652,"level":40,"version":"5.123.0","msg":"Ghost was running for a minute","time":"2025-06-12T19:52:54.653Z","v":0}
